
Starting:    C:\Microsemi\Libero_SoC_v12.6\SynplifyPro\bin64\mbin\synbatch.exe
Install:     C:\Microsemi\Libero_SoC_v12.6\SynplifyPro
Hostname:    WIN7-2020MEADRD
Date:        Wed Aug 11 17:01:34 2021
Version:     Q-2020.03M-SP1

Arguments:   -product synplify_pro -licensetype synplifypro_actel -batch -log synplify.log u8_syn.tcl
ProductType: synplify_pro

License checkout: synplifypro_actel
License: synplifypro_actel node-locked 
Licensed Vendor: actel
License Option: actel_oem

Running in Vendor Mode

auto_infer_blackbox is not supported in current product.
log file: "E:\DAC\igloo\soc\sdio25\synthesis\u8.srr"
Running: synthesis in foreground

Running u8_syn|synthesis

Running Flow: compile (Compile) on u8_syn|synthesis
# Wed Aug 11 17:01:34 2021

Running Flow: compile_flow (Compile Process) on u8_syn|synthesis
# Wed Aug 11 17:01:34 2021

Running: compiler (Compile Input) on u8_syn|synthesis
# Wed Aug 11 17:01:34 2021

compiler completed
# Wed Aug 11 17:01:36 2021

Return Code: 0
Run Time:00h:00m:02s

Running: multi_srs_gen (Multi-srs Generator) on u8_syn|synthesis
# Wed Aug 11 17:01:36 2021
Up-To-Date: multi_srs_gen. No run necessary
Complete: Compile Process on u8_syn|synthesis

Running: premap (Premap) on u8_syn|synthesis
# Wed Aug 11 17:01:36 2021

premap completed with warnings
# Wed Aug 11 17:01:41 2021

Return Code: 1
Run Time:00h:00m:05s
Complete: Compile on u8_syn|synthesis

Running Flow: map (Map) on u8_syn|synthesis
# Wed Aug 11 17:01:41 2021
License granted for 4 parallel jobs

Running: fpga_mapper (Map & Optimize) on u8_syn|synthesis
# Wed Aug 11 17:01:41 2021
Copied E:\DAC\igloo\soc\sdio25\synthesis\synwork\u8_m.srm to E:\DAC\igloo\soc\sdio25\synthesis\u8.srm

fpga_mapper completed with warnings
# Wed Aug 11 17:02:00 2021

Return Code: 1
Run Time:00h:00m:19s
Complete: Map on u8_syn|synthesis
Complete: Logic Synthesis on u8_syn|synthesis
TCL script complete: "u8_syn.tcl"
exit status=0
exit status=0
License checkin: synplifypro_actel
