C:\Microsemi\Libero_SoC_v12.6\SynplifyPro\bin64\c_hdl.exe  -osyn  E:\DAC\igloo\soc\sdio25\synthesis\synwork\u8_comp.srs  -top  u8  -hdllog  E:\DAC\igloo\soc\sdio25\synthesis\synlog\u8_compiler.srr  -encrypt  -mp  4  -verification_mode 0  -verilog  -prodtype  synplify_pro   -infer_seqShift -primux -dspmac -pqdpadd -fixsmult -sdff_counter -divnmod -nram   -I E:\DAC\igloo\soc\sdio25\synthesis\  -I C:\Microsemi\Libero_SoC_v12.6\SynplifyPro\lib   -v2001  -devicelib  C:\Microsemi\Libero_SoC_v12.6\SynplifyPro\lib\generic\igloo2.v  -encrypt  -pro  -dmgen  E:\DAC\igloo\soc\sdio25\synthesis\dm  -ui -fid2 -ram -sharing on -ll 2000 -autosm  -lib work E:\DAC\igloo\work\test.v -lib work E:\DAC\igloo\work\crc7.v -lib work E:\DAC\igloo\work\sound.v -lib work E:\DAC\igloo\work\mult28x32.v -lib work E:\DAC\igloo\work\tap_rom.v -lib work E:\DAC\igloo\work\fir.v -lib work E:\DAC\igloo\work\tap_rom2.v -lib work E:\DAC\igloo\work\fir2.v -lib work E:\DAC\igloo\work\bigfifo.v -lib work E:\DAC\igloo\work\ram.v -lib work E:\DAC\igloo\work\pipe_pcm.v -lib work E:\DAC\igloo\work\sdm.v -lib work E:\DAC\igloo\work\sd.v -lib work E:\DAC\igloo\soc\sdio25\component\Actel\DirectCore\CoreResetP\7.1.100\rtl\vlog\core\coreresetp_pcie_hotreset.v -lib work E:\DAC\igloo\soc\sdio25\component\Actel\DirectCore\CoreResetP\7.1.100\rtl\vlog\core\coreresetp.v -lib work E:\DAC\igloo\soc\sdio25\component\work\u8_sb\CCC_0\u8_sb_CCC_0_FCCC.v -lib work E:\DAC\igloo\soc\sdio25\component\Actel\SgCore\OSC\2.0.101\osc_comps.v -lib work E:\DAC\igloo\soc\sdio25\component\work\u8_sb\FABOSC_0\u8_sb_FABOSC_0_OSC.v -lib work E:\DAC\igloo\soc\sdio25\component\work\u8_sb_HPMS\u8_sb_HPMS_syn.v -lib work E:\DAC\igloo\soc\sdio25\component\work\u8_sb_HPMS\u8_sb_HPMS.v -lib COREAHBLITE_LIB E:\DAC\igloo\soc\sdio25\component\Actel\DirectCore\CoreAHBLite\5.2.100\rtl\vlog\core\coreahblite_slavearbiter.v -lib COREAHBLITE_LIB E:\DAC\igloo\soc\sdio25\component\Actel\DirectCore\CoreAHBLite\5.2.100\rtl\vlog\core\coreahblite_slavestage.v -lib COREAHBLITE_LIB E:\DAC\igloo\soc\sdio25\component\Actel\DirectCore\CoreAHBLite\5.2.100\rtl\vlog\core\coreahblite_defaultslavesm.v -lib COREAHBLITE_LIB E:\DAC\igloo\soc\sdio25\component\Actel\DirectCore\CoreAHBLite\5.2.100\rtl\vlog\core\coreahblite_addrdec.v -lib COREAHBLITE_LIB E:\DAC\igloo\soc\sdio25\component\Actel\DirectCore\CoreAHBLite\5.2.100\rtl\vlog\core\coreahblite_masterstage.v -lib COREAHBLITE_LIB E:\DAC\igloo\soc\sdio25\component\Actel\DirectCore\CoreAHBLite\5.2.100\rtl\vlog\core\coreahblite_matrix4x16.v -lib COREAHBLITE_LIB E:\DAC\igloo\soc\sdio25\component\Actel\DirectCore\CoreAHBLite\5.2.100\rtl\vlog\core\coreahblite.v -lib work E:\DAC\igloo\soc\sdio25\component\work\u8_sb\u8_sb.v -lib work E:\DAC\igloo\soc\sdio25\component\work\u8\u8.v  -jobname  "compiler" 
relcom:C:\Microsemi\Libero_SoC_v12.6\SynplifyPro\bin64\c_hdl.exe -osyn ..\synwork\u8_comp.srs -top u8 -hdllog ..\synlog\u8_compiler.srr -encrypt -mp 4 -verification_mode 0 -verilog -prodtype synplify_pro -infer_seqShift -primux -dspmac -pqdpadd -fixsmult -sdff_counter -divnmod -nram -I ..\ -I C:\Microsemi\Libero_SoC_v12.6\SynplifyPro\lib -v2001 -devicelib C:\Microsemi\Libero_SoC_v12.6\SynplifyPro\lib\generic\igloo2.v -encrypt -pro -dmgen ..\dm -ui -fid2 -ram -sharing on -ll 2000 -autosm -lib work ..\..\..\..\work\test.v -lib work ..\..\..\..\work\crc7.v -lib work ..\..\..\..\work\sound.v -lib work ..\..\..\..\work\mult28x32.v -lib work ..\..\..\..\work\tap_rom.v -lib work ..\..\..\..\work\fir.v -lib work ..\..\..\..\work\tap_rom2.v -lib work ..\..\..\..\work\fir2.v -lib work ..\..\..\..\work\bigfifo.v -lib work ..\..\..\..\work\ram.v -lib work ..\..\..\..\work\pipe_pcm.v -lib work ..\..\..\..\work\sdm.v -lib work ..\..\..\..\work\sd.v -lib work ..\..\component\Actel\DirectCore\CoreResetP\7.1.100\rtl\vlog\core\coreresetp_pcie_hotreset.v -lib work ..\..\component\Actel\DirectCore\CoreResetP\7.1.100\rtl\vlog\core\coreresetp.v -lib work ..\..\component\work\u8_sb\CCC_0\u8_sb_CCC_0_FCCC.v -lib work ..\..\component\Actel\SgCore\OSC\2.0.101\osc_comps.v -lib work ..\..\component\work\u8_sb\FABOSC_0\u8_sb_FABOSC_0_OSC.v -lib work ..\..\component\work\u8_sb_HPMS\u8_sb_HPMS_syn.v -lib work ..\..\component\work\u8_sb_HPMS\u8_sb_HPMS.v -lib COREAHBLITE_LIB ..\..\component\Actel\DirectCore\CoreAHBLite\5.2.100\rtl\vlog\core\coreahblite_slavearbiter.v -lib COREAHBLITE_LIB ..\..\component\Actel\DirectCore\CoreAHBLite\5.2.100\rtl\vlog\core\coreahblite_slavestage.v -lib COREAHBLITE_LIB ..\..\component\Actel\DirectCore\CoreAHBLite\5.2.100\rtl\vlog\core\coreahblite_defaultslavesm.v -lib COREAHBLITE_LIB ..\..\component\Actel\DirectCore\CoreAHBLite\5.2.100\rtl\vlog\core\coreahblite_addrdec.v -lib COREAHBLITE_LIB ..\..\component\Actel\DirectCore\CoreAHBLite\5.2.100\rtl\vlog\core\coreahblite_masterstage.v -lib COREAHBLITE_LIB ..\..\component\Actel\DirectCore\CoreAHBLite\5.2.100\rtl\vlog\core\coreahblite_matrix4x16.v -lib COREAHBLITE_LIB ..\..\component\Actel\DirectCore\CoreAHBLite\5.2.100\rtl\vlog\core\coreahblite.v -lib work ..\..\component\work\u8_sb\u8_sb.v -lib work ..\..\component\work\u8\u8.v -jobname "compiler"
rc:0 success:1 runtime:23
file:..\synwork\u8_comp.srs|io:o|time:1628829939|size:229408|exec:0|csum:
file:..\synlog\u8_compiler.srr|io:o|time:1628829939|size:84591|exec:0|csum:
file:C:\Microsemi\Libero_SoC_v12.6\SynplifyPro\lib\generic\igloo2.v|io:i|time:1604390290|size:16445|exec:0|csum:0C1A855CE2A914A7AF1E723A1690BFF3
file:..\..\..\..\work\test.v|io:i|time:1628829884|size:17697|exec:0|csum:4D3476E36475ED2C3A7CCCA44992015D
file:..\..\..\..\work\crc7.v|io:i|time:1508932363|size:4670|exec:0|csum:940323C61F3756F1B4A98477C9109F6E
file:..\..\..\..\work\sound.v|io:i|time:1628571527|size:31219|exec:0|csum:BDBE8CBBDC7983F8CEB4DFBDECB10EA4
file:..\..\..\..\work\mult28x32.v|io:i|time:1508932363|size:423|exec:0|csum:7F6421B014C245316F5545E145FD9855
file:..\..\..\..\work\tap_rom.v|io:i|time:1508932363|size:49403|exec:0|csum:B2714DE14DD161E677E856C080F296B6
file:..\..\..\..\work\fir.v|io:i|time:1628571527|size:6241|exec:0|csum:6A780600D2B917C9F756985EE6C197DD
file:..\..\..\..\work\tap_rom2.v|io:i|time:1508932363|size:4283|exec:0|csum:DF333A00FB2BBEE5DB05BA81FDFE6F42
file:..\..\..\..\work\fir2.v|io:i|time:1508932363|size:3641|exec:0|csum:81898585887843F406410D9B59A72D84
file:..\..\..\..\work\bigfifo.v|io:i|time:1628827231|size:7208|exec:0|csum:21E5588B95DC97939991327CF6CB5224
file:..\..\..\..\work\ram.v|io:i|time:1628669863|size:19855|exec:0|csum:3C01556969F6D0F71D7F34466C2362AC
file:..\..\..\..\work\pipe_pcm.v|io:i|time:1628571527|size:3601|exec:0|csum:B96331B710AF5D5E247E6BAA579BA9DC
file:..\..\..\..\work\sdm.v|io:i|time:1628571527|size:12493|exec:0|csum:1B39D6C2405FC8CCE9E3ECB349F319D8
file:..\..\..\..\work\sd.v|io:i|time:1628757284|size:59714|exec:0|csum:FF3479A00004A84F29D524681BFB3B76
file:..\..\component\Actel\DirectCore\CoreResetP\7.1.100\rtl\vlog\core\coreresetp_pcie_hotreset.v|io:i|time:1626940099|size:8822|exec:0|csum:57E473B7EFB406F9A215FD657D257341
file:..\..\component\Actel\DirectCore\CoreResetP\7.1.100\rtl\vlog\core\coreresetp.v|io:i|time:1626940099|size:65628|exec:0|csum:BD4FA2E8A1E20A1A844548995EB5EC24
file:..\..\component\work\u8_sb\CCC_0\u8_sb_CCC_0_FCCC.v|io:i|time:1628580873|size:1690|exec:0|csum:EE48C607BD64527A1CDB78AD7D09715D
file:..\..\component\Actel\SgCore\OSC\2.0.101\osc_comps.v|io:i|time:1626940101|size:924|exec:0|csum:96EB0FE10D5CD792BE1E4F31403C1EFA
file:..\..\component\work\u8_sb\FABOSC_0\u8_sb_FABOSC_0_OSC.v|io:i|time:1628580875|size:825|exec:0|csum:EDC064CB2CB5E6A4D887653010D2B27B
file:..\..\component\work\u8_sb_HPMS\u8_sb_HPMS_syn.v|io:i|time:1628580870|size:51680|exec:0|csum:1FBFC1990E39E291816E593FBDC68A33
file:..\..\component\work\u8_sb_HPMS\u8_sb_HPMS.v|io:i|time:1628580870|size:47250|exec:0|csum:F37C5534E419545D70E3A677A762CC0C
file:..\..\component\Actel\DirectCore\CoreAHBLite\5.2.100\rtl\vlog\core\coreahblite_slavearbiter.v|io:i|time:1626940099|size:14709|exec:0|csum:40E0BFBEEF377960BE8B48FABF90F059
file:..\..\component\Actel\DirectCore\CoreAHBLite\5.2.100\rtl\vlog\core\coreahblite_slavestage.v|io:i|time:1626940099|size:8561|exec:0|csum:06FF05F2FCC005851EC55906E2A59425
file:..\..\component\Actel\DirectCore\CoreAHBLite\5.2.100\rtl\vlog\core\coreahblite_defaultslavesm.v|io:i|time:1626940099|size:2069|exec:0|csum:E506A980E5B6DA07CAD8EE0D99D5F8B1
file:..\..\component\Actel\DirectCore\CoreAHBLite\5.2.100\rtl\vlog\core\coreahblite_addrdec.v|io:i|time:1626940099|size:6576|exec:0|csum:B6E1B1D4FA273E8C948777D2AFF69B13
file:..\..\component\Actel\DirectCore\CoreAHBLite\5.2.100\rtl\vlog\core\coreahblite_masterstage.v|io:i|time:1626940099|size:16943|exec:0|csum:A906C3375DFC81C0846A79F66BFEA748
file:..\..\component\Actel\DirectCore\CoreAHBLite\5.2.100\rtl\vlog\core\coreahblite_matrix4x16.v|io:i|time:1626940099|size:208865|exec:0|csum:7288748246980EF96C6AC15D704C194D
file:..\..\component\Actel\DirectCore\CoreAHBLite\5.2.100\rtl\vlog\core\coreahblite.v|io:i|time:1626940099|size:21472|exec:0|csum:C84AF1869A6AE409A8EC729F998B716A
file:..\..\component\work\u8_sb\u8_sb.v|io:i|time:1628580875|size:37104|exec:0|csum:ED5E7C94C63FB74FA251F765379DA8CB
file:..\..\component\work\u8\u8.v|io:i|time:1628588360|size:15478|exec:0|csum:ED12B0B84D4334F5B4C0BF012A1F4D87
file:C:\Microsemi\Libero_SoC_v12.6\SynplifyPro\bin64\c_hdl.exe|io:i|time:1604390270|size:5736448|exec:1|csum:B629A604D3171FE362ECDC8CB66C8DC9
