********************************************************************
I/O Bank Report - Date: Wed Aug 11 17:05:39 2021
Product: Designer
Release: v12.6
Version: 12.900.20.24
Design Name: u8
Family: IGLOO2
Die: M2GL025
Package: 484 FBGA
********************************************************************


I/O Function:

    Type                                  | w/o register  | w/ register  | w/ DDR register
    --------------------------------------|---------------|--------------|----------------
    Input I/O                             | 4             | 0            | 0
    Output I/O                            | 13            | 32           | 0
    Bidirectional I/O                     | 3             | 5            | 0
    Differential Input I/O Pairs          | 0             | 0            | 0
    Differential Output I/O Pairs         | 0             | 0            | 0

I/O Technology:

                                    |   Voltages    |             I/Os              
    --------------------------------|-------|-------|-------|--------|--------------
    I/O Standard(s)                 | Vddi  | Vref  | Input | Output | Bidirectional
    --------------------------------|-------|-------|-------|--------|--------------
    LVCMOS33                        | 3.30v | N/A   | 4     | 43     | 8            
    LVCMOS25                        | 2.50v | N/A   | 0     | 2      | 0            

I/O Bank Resource Usage:

          |   Voltages    | Single I/Os  | Diff I/O Pairs |        Vref I/Os        |  Type   
          |-------|-------|------|-------|-------|--------|------|-------|----------|---------
          | Vddi  | Vref  | Used | Total | Used  | Total  | Used | Total | Vref Pins|         
    ------|-------|-------|------|-------|-------|--------|------|-------|----------|---------
    Bank0 | N/A   | N/A   | 0    | 70    | 0     | 35     | N/A  | N/A   | N/A      | DDRIO   
    Bank1 | N/A   | N/A   | 0    | 21    | 0     | 10     | N/A  | N/A   | N/A      | MSIO    
    Bank2 | 3.30v | N/A   | 16   | 44    | 0     | 22     | N/A  | N/A   | N/A      | MSIO    
    Bank3 | N/A   | N/A   | 0    | 0     | 0     | 0      | N/A  | N/A   | N/A      | JTAG    
    Bank4 | 3.30v | N/A   | 25   | 52    | 0     | 26     | N/A  | N/A   | N/A      | MSIO    
    Bank5 | N/A   | N/A   | 0    | 4     | 0     | 2      | N/A  | N/A   | N/A      | MSIOD   
    Bank6 | 2.50v | N/A   | 2    | 36    | 0     | 18     | N/A  | N/A   | N/A      | MSIOD   
    Bank7 | 3.30v | N/A   | 14   | 40    | 0     | 20     | N/A  | N/A   | N/A      | MSIO    


I/O Voltage Usage:

       Voltages    |     I/Os     
    -------|-------|------|-------
     Vddi  | Vref  | Used | Total 
    -------|-------|------|-------
     2.50v | N/A   | 2    | 36    
     3.30v | N/A   | 55   | 136   

